Copyright 1986-2022 Xilinx, Inc. All Rights Reserved. Copyright 2022-2024 Advanced Micro Devices, Inc. All Rights Reserved.
---------------------------------------------------------------------------------------------------------------------------------------------
| Tool Version : Vivado v.2024.1 (win64) Build 5076996 Wed May 22 18:37:14 MDT 2024
| Date         : Tue Jan 21 15:43:27 2025
| Host         : LAPTOP-4TJH4QHR running 64-bit major release  (build 9200)
| Command      : report_drc -file TOP_drc_routed.rpt -pb TOP_drc_routed.pb -rpx TOP_drc_routed.rpx
| Design       : TOP
| Device       : xc7a100tcsg324-1
| Speed File   : -1
| Design State : Fully Routed
---------------------------------------------------------------------------------------------------------------------------------------------

Report DRC

Table of Contents
-----------------
1. REPORT SUMMARY
2. REPORT DETAILS

1. REPORT SUMMARY
-----------------
            Netlist: netlist
          Floorplan: design_1
      Design limits: <entire design considered>
           Ruledeck: default
             Max violations: <unlimited>
             Violations found: 6
+----------+----------+-----------------------------------------------------+------------+
| Rule     | Severity | Description                                         | Violations |
+----------+----------+-----------------------------------------------------+------------+
| CFGBVS-1 | Warning  | Missing CFGBVS and CONFIG_VOLTAGE Design Properties | 1          |
| PDRC-153 | Warning  | Gated clock check                                   | 5          |
+----------+----------+-----------------------------------------------------+------------+

2. REPORT DETAILS
-----------------
CFGBVS-1#1 Warning
Missing CFGBVS and CONFIG_VOLTAGE Design Properties  
Neither the CFGBVS nor CONFIG_VOLTAGE voltage property is set in the current_design.  Configuration bank voltage select (CFGBVS) must be set to VCCO or GND, and CONFIG_VOLTAGE must be set to the correct configuration voltage, in order to determine the I/O voltage support for the pins in bank 0.  It is suggested to specify these either using the 'Edit Device Properties' function in the GUI or directly in the XDC file using the following syntax:

 set_property CFGBVS value1 [current_design]
 #where value1 is either VCCO or GND

 set_property CONFIG_VOLTAGE value2 [current_design]
 #where value2 is the voltage provided to configuration bank 0

Refer to the device configuration user guide for more information.
Related violations: <none>

PDRC-153#1 Warning
Gated clock check  
Net inst_FSM/TEMPORIZADOR_INST/E[0] is a gated clock net sourced by a combinational pin inst_FSM/TEMPORIZADOR_INST/piso_reg[1]_i_1/O, cell inst_FSM/TEMPORIZADOR_INST/piso_reg[1]_i_1. This is not good design practice and will likely impact performance. For SLICE registers, for example, use the CE pin to control the loading of data.
Related violations: <none>

PDRC-153#2 Warning
Gated clock check  
Net inst_SelectorPiso/BotoneraAnti/Antirrebote0/logic_OUT_reg_LDC_i_1__2_n_0 is a gated clock net sourced by a combinational pin inst_SelectorPiso/BotoneraAnti/Antirrebote0/logic_OUT_reg_LDC_i_1__2/O, cell inst_SelectorPiso/BotoneraAnti/Antirrebote0/logic_OUT_reg_LDC_i_1__2. This is not good design practice and will likely impact performance. For SLICE registers, for example, use the CE pin to control the loading of data.
Related violations: <none>

PDRC-153#3 Warning
Gated clock check  
Net inst_SelectorPiso/BotoneraAnti/Antirrebote1/logic_OUT_reg_LDC_i_1__1_n_0 is a gated clock net sourced by a combinational pin inst_SelectorPiso/BotoneraAnti/Antirrebote1/logic_OUT_reg_LDC_i_1__1/O, cell inst_SelectorPiso/BotoneraAnti/Antirrebote1/logic_OUT_reg_LDC_i_1__1. This is not good design practice and will likely impact performance. For SLICE registers, for example, use the CE pin to control the loading of data.
Related violations: <none>

PDRC-153#4 Warning
Gated clock check  
Net inst_SelectorPiso/BotoneraAnti/Antirrebote2/logic_OUT_reg_LDC_i_1__0_n_0 is a gated clock net sourced by a combinational pin inst_SelectorPiso/BotoneraAnti/Antirrebote2/logic_OUT_reg_LDC_i_1__0/O, cell inst_SelectorPiso/BotoneraAnti/Antirrebote2/logic_OUT_reg_LDC_i_1__0. This is not good design practice and will likely impact performance. For SLICE registers, for example, use the CE pin to control the loading of data.
Related violations: <none>

PDRC-153#5 Warning
Gated clock check  
Net inst_SelectorPiso/BotoneraAnti/Antirrebote3/logic_OUT_reg_LDC_i_1_n_0 is a gated clock net sourced by a combinational pin inst_SelectorPiso/BotoneraAnti/Antirrebote3/logic_OUT_reg_LDC_i_1/O, cell inst_SelectorPiso/BotoneraAnti/Antirrebote3/logic_OUT_reg_LDC_i_1. This is not good design practice and will likely impact performance. For SLICE registers, for example, use the CE pin to control the loading of data.
Related violations: <none>


