Copyright 1986-2022 Xilinx, Inc. All Rights Reserved. Copyright 2022-2024 Advanced Micro Devices, Inc. All Rights Reserved.
-----------------------------------------------------------------------------------------------------------------------------------------------
| Tool Version : Vivado v.2024.1 (win64) Build 5076996 Wed May 22 18:37:14 MDT 2024
| Date         : Tue Jan 21 15:43:28 2025
| Host         : LAPTOP-4TJH4QHR running 64-bit major release  (build 9200)
| Command      : report_methodology -file TOP_methodology_drc_routed.rpt -pb TOP_methodology_drc_routed.pb -rpx TOP_methodology_drc_routed.rpx
| Design       : TOP
| Device       : xc7a100tcsg324-1
| Speed File   : -1
| Design State : Fully Routed
-----------------------------------------------------------------------------------------------------------------------------------------------

Report Methodology

Table of Contents
-----------------
1. REPORT SUMMARY
2. REPORT DETAILS

1. REPORT SUMMARY
-----------------
            Netlist: netlist
          Floorplan: design_1
      Design limits: <entire design considered>
             Max violations: <unlimited>
             Violations found: 41
+-----------+----------+--------------------------------+------------+
| Rule      | Severity | Description                    | Violations |
+-----------+----------+--------------------------------+------------+
| LUTAR-1   | Warning  | LUT drives async reset alert   | 8          |
| TIMING-18 | Warning  | Missing input or output delay  | 26         |
| TIMING-20 | Warning  | Non-clocked latch              | 6          |
| LATCH-1   | Advisory | Existing latches in the design | 1          |
+-----------+----------+--------------------------------+------------+

2. REPORT DETAILS
-----------------
LUTAR-1#1 Warning
LUT drives async reset alert  
LUT cell inst_SelectorPiso/BotoneraAnti/Antirrebote0/logic_OUT_reg_LDC_i_1__2, with 2 or more inputs, drives asynchronous preset/clear pin(s) inst_SelectorPiso/BotoneraAnti/Antirrebote0/logic_OUT_reg_P/PRE. The LUT may glitch and trigger an unexpected reset, even if it is a properly timed path.
Related violations: <none>

LUTAR-1#2 Warning
LUT drives async reset alert  
LUT cell inst_SelectorPiso/BotoneraAnti/Antirrebote0/logic_OUT_reg_LDC_i_2__2, with 2 or more inputs, drives asynchronous preset/clear pin(s) inst_SelectorPiso/BotoneraAnti/Antirrebote0/logic_OUT_reg_C/CLR
inst_SelectorPiso/BotoneraAnti/Antirrebote0/logic_OUT_reg_LDC/CLR. The LUT may glitch and trigger an unexpected reset, even if it is a properly timed path.
Related violations: <none>

LUTAR-1#3 Warning
LUT drives async reset alert  
LUT cell inst_SelectorPiso/BotoneraAnti/Antirrebote1/logic_OUT_reg_LDC_i_1__1, with 2 or more inputs, drives asynchronous preset/clear pin(s) inst_SelectorPiso/BotoneraAnti/Antirrebote1/logic_OUT_reg_P/PRE. The LUT may glitch and trigger an unexpected reset, even if it is a properly timed path.
Related violations: <none>

LUTAR-1#4 Warning
LUT drives async reset alert  
LUT cell inst_SelectorPiso/BotoneraAnti/Antirrebote1/logic_OUT_reg_LDC_i_2__1, with 2 or more inputs, drives asynchronous preset/clear pin(s) inst_SelectorPiso/BotoneraAnti/Antirrebote1/logic_OUT_reg_C/CLR
inst_SelectorPiso/BotoneraAnti/Antirrebote1/logic_OUT_reg_LDC/CLR. The LUT may glitch and trigger an unexpected reset, even if it is a properly timed path.
Related violations: <none>

LUTAR-1#5 Warning
LUT drives async reset alert  
LUT cell inst_SelectorPiso/BotoneraAnti/Antirrebote2/logic_OUT_reg_LDC_i_1__0, with 2 or more inputs, drives asynchronous preset/clear pin(s) inst_SelectorPiso/BotoneraAnti/Antirrebote2/logic_OUT_reg_P/PRE. The LUT may glitch and trigger an unexpected reset, even if it is a properly timed path.
Related violations: <none>

LUTAR-1#6 Warning
LUT drives async reset alert  
LUT cell inst_SelectorPiso/BotoneraAnti/Antirrebote2/logic_OUT_reg_LDC_i_2__0, with 2 or more inputs, drives asynchronous preset/clear pin(s) inst_SelectorPiso/BotoneraAnti/Antirrebote2/logic_OUT_reg_C/CLR
inst_SelectorPiso/BotoneraAnti/Antirrebote2/logic_OUT_reg_LDC/CLR. The LUT may glitch and trigger an unexpected reset, even if it is a properly timed path.
Related violations: <none>

LUTAR-1#7 Warning
LUT drives async reset alert  
LUT cell inst_SelectorPiso/BotoneraAnti/Antirrebote3/logic_OUT_reg_LDC_i_1, with 2 or more inputs, drives asynchronous preset/clear pin(s) inst_SelectorPiso/BotoneraAnti/Antirrebote3/logic_OUT_reg_P/PRE. The LUT may glitch and trigger an unexpected reset, even if it is a properly timed path.
Related violations: <none>

LUTAR-1#8 Warning
LUT drives async reset alert  
LUT cell inst_SelectorPiso/BotoneraAnti/Antirrebote3/logic_OUT_reg_LDC_i_2, with 2 or more inputs, drives asynchronous preset/clear pin(s) inst_SelectorPiso/BotoneraAnti/Antirrebote3/logic_OUT_reg_C/CLR
inst_SelectorPiso/BotoneraAnti/Antirrebote3/logic_OUT_reg_LDC/CLR. The LUT may glitch and trigger an unexpected reset, even if it is a properly timed path.
Related violations: <none>

TIMING-18#1 Warning
Missing input or output delay  
An input delay is missing on RST relative to the rising and/or falling clock edge(s) of sys_clk_pin.
Related violations: <none>

TIMING-18#2 Warning
Missing input or output delay  
An input delay is missing on boton_reset relative to the rising and/or falling clock edge(s) of sys_clk_pin.
Related violations: <none>

TIMING-18#3 Warning
Missing input or output delay  
An input delay is missing on botones_IN[0] relative to the rising and/or falling clock edge(s) of sys_clk_pin.
Related violations: <none>

TIMING-18#4 Warning
Missing input or output delay  
An input delay is missing on botones_IN[1] relative to the rising and/or falling clock edge(s) of sys_clk_pin.
Related violations: <none>

TIMING-18#5 Warning
Missing input or output delay  
An input delay is missing on botones_IN[2] relative to the rising and/or falling clock edge(s) of sys_clk_pin.
Related violations: <none>

TIMING-18#6 Warning
Missing input or output delay  
An input delay is missing on botones_IN[3] relative to the rising and/or falling clock edge(s) of sys_clk_pin.
Related violations: <none>

TIMING-18#7 Warning
Missing input or output delay  
An output delay is missing on ACTUAL_FSM[0] relative to the rising and/or falling clock edge(s) of sys_clk_pin.
Related violations: <none>

TIMING-18#8 Warning
Missing input or output delay  
An output delay is missing on ACTUAL_FSM[1] relative to the rising and/or falling clock edge(s) of sys_clk_pin.
Related violations: <none>

TIMING-18#9 Warning
Missing input or output delay  
An output delay is missing on led_motor[0] relative to the rising and/or falling clock edge(s) of sys_clk_pin.
Related violations: <none>

TIMING-18#10 Warning
Missing input or output delay  
An output delay is missing on led_motor[1] relative to the rising and/or falling clock edge(s) of sys_clk_pin.
Related violations: <none>

TIMING-18#11 Warning
Missing input or output delay  
An output delay is missing on led_puerta relative to the rising and/or falling clock edge(s) of sys_clk_pin.
Related violations: <none>

TIMING-18#12 Warning
Missing input or output delay  
An output delay is missing on segmentos[0] relative to the rising and/or falling clock edge(s) of sys_clk_pin.
Related violations: <none>

TIMING-18#13 Warning
Missing input or output delay  
An output delay is missing on segmentos[1] relative to the rising and/or falling clock edge(s) of sys_clk_pin.
Related violations: <none>

TIMING-18#14 Warning
Missing input or output delay  
An output delay is missing on segmentos[2] relative to the rising and/or falling clock edge(s) of sys_clk_pin.
Related violations: <none>

TIMING-18#15 Warning
Missing input or output delay  
An output delay is missing on segmentos[3] relative to the rising and/or falling clock edge(s) of sys_clk_pin.
Related violations: <none>

TIMING-18#16 Warning
Missing input or output delay  
An output delay is missing on segmentos[4] relative to the rising and/or falling clock edge(s) of sys_clk_pin.
Related violations: <none>

TIMING-18#17 Warning
Missing input or output delay  
An output delay is missing on segmentos[5] relative to the rising and/or falling clock edge(s) of sys_clk_pin.
Related violations: <none>

TIMING-18#18 Warning
Missing input or output delay  
An output delay is missing on segmentos[6] relative to the rising and/or falling clock edge(s) of sys_clk_pin.
Related violations: <none>

TIMING-18#19 Warning
Missing input or output delay  
An output delay is missing on selct_dig[0] relative to the rising and/or falling clock edge(s) of sys_clk_pin.
Related violations: <none>

TIMING-18#20 Warning
Missing input or output delay  
An output delay is missing on selct_dig[1] relative to the rising and/or falling clock edge(s) of sys_clk_pin.
Related violations: <none>

TIMING-18#21 Warning
Missing input or output delay  
An output delay is missing on selct_dig[2] relative to the rising and/or falling clock edge(s) of sys_clk_pin.
Related violations: <none>

TIMING-18#22 Warning
Missing input or output delay  
An output delay is missing on selct_dig[3] relative to the rising and/or falling clock edge(s) of sys_clk_pin.
Related violations: <none>

TIMING-18#23 Warning
Missing input or output delay  
An output delay is missing on selct_dig[4] relative to the rising and/or falling clock edge(s) of sys_clk_pin.
Related violations: <none>

TIMING-18#24 Warning
Missing input or output delay  
An output delay is missing on selct_dig[5] relative to the rising and/or falling clock edge(s) of sys_clk_pin.
Related violations: <none>

TIMING-18#25 Warning
Missing input or output delay  
An output delay is missing on selct_dig[6] relative to the rising and/or falling clock edge(s) of sys_clk_pin.
Related violations: <none>

TIMING-18#26 Warning
Missing input or output delay  
An output delay is missing on selct_dig[7] relative to the rising and/or falling clock edge(s) of sys_clk_pin.
Related violations: <none>

TIMING-20#1 Warning
Non-clocked latch  
The latch inst_FSM/piso_reg[0] cannot be properly analyzed as its control pin inst_FSM/piso_reg[0]/G is not reached by a timing clock
Related violations: <none>

TIMING-20#2 Warning
Non-clocked latch  
The latch inst_FSM/piso_reg[1] cannot be properly analyzed as its control pin inst_FSM/piso_reg[1]/G is not reached by a timing clock
Related violations: <none>

TIMING-20#3 Warning
Non-clocked latch  
The latch inst_SelectorPiso/BotoneraAnti/Antirrebote0/logic_OUT_reg_LDC cannot be properly analyzed as its control pin inst_SelectorPiso/BotoneraAnti/Antirrebote0/logic_OUT_reg_LDC/G is not reached by a timing clock
Related violations: <none>

TIMING-20#4 Warning
Non-clocked latch  
The latch inst_SelectorPiso/BotoneraAnti/Antirrebote1/logic_OUT_reg_LDC cannot be properly analyzed as its control pin inst_SelectorPiso/BotoneraAnti/Antirrebote1/logic_OUT_reg_LDC/G is not reached by a timing clock
Related violations: <none>

TIMING-20#5 Warning
Non-clocked latch  
The latch inst_SelectorPiso/BotoneraAnti/Antirrebote2/logic_OUT_reg_LDC cannot be properly analyzed as its control pin inst_SelectorPiso/BotoneraAnti/Antirrebote2/logic_OUT_reg_LDC/G is not reached by a timing clock
Related violations: <none>

TIMING-20#6 Warning
Non-clocked latch  
The latch inst_SelectorPiso/BotoneraAnti/Antirrebote3/logic_OUT_reg_LDC cannot be properly analyzed as its control pin inst_SelectorPiso/BotoneraAnti/Antirrebote3/logic_OUT_reg_LDC/G is not reached by a timing clock
Related violations: <none>

LATCH-1#1 Advisory
Existing latches in the design  
There are 6 latches found in the design. Inferred latches are often the result of HDL coding mistakes, such as incomplete if or case statements.
Related violations: <none>


